<?xml version="1.0" encoding="UTF-8"?>
<!-- Generated by org.testng.reporters.JUnitReportReporter -->
<testsuite hostname="DESKTOP-CQRH1BN" failures="0" tests="1" name="restfullbookerTestCases.UpdateBookingDetails" time="8.386" errors="0" timestamp="2024-06-18T19:04:52 IST" skipped="0">
  <testcase classname="restfullbookerTestCases.UpdateBookingDetails" name="testPut" time="8.386"/>
  <system-out/>
</testsuite> <!-- restfullbookerTestCases.UpdateBookingDetails -->
