<?xml version="1.0" encoding="UTF-8"?>
<!-- Generated by org.testng.reporters.JUnitReportReporter -->
<testsuite hostname="DESKTOP-CQRH1BN" failures="0" tests="1" name="restfullbookerTestCases.CreateBookingIDTest" time="11.294" errors="0" timestamp="2024-06-18T07:52:18 IST" skipped="0">
  <testcase classname="restfullbookerTestCases.CreateBookingIDTest" name="createBookingIDTest" time="11.294"/>
  <system-out/>
</testsuite> <!-- restfullbookerTestCases.CreateBookingIDTest -->
