<?xml version="1.0" encoding="UTF-8"?>
<!-- Generated by org.testng.reporters.JUnitReportReporter -->
<testsuite hostname="DESKTOP-CQRH1BN" failures="0" tests="1" name="restfullbookerTestCases.GetBooking" time="11.267" errors="0" timestamp="2024-06-18T09:17:01 IST" skipped="0">
  <testcase classname="restfullbookerTestCases.GetBooking" name="getBookingDetails" time="11.267"/>
  <system-out/>
</testsuite> <!-- restfullbookerTestCases.GetBooking -->
