<?xml version="1.0" encoding="UTF-8"?>
<!-- Generated by org.testng.reporters.JUnitReportReporter -->
<testsuite hostname="DESKTOP-CQRH1BN" failures="0" tests="1" name="restfullbookerTestCases.PathParamterExamples" time="12.264" errors="0" timestamp="2024-06-18T17:23:09 IST" skipped="0">
  <testcase classname="restfullbookerTestCases.PathParamterExamples" name="checkGetTestUsingPathParam" time="12.264"/>
  <system-out/>
</testsuite> <!-- restfullbookerTestCases.PathParamterExamples -->
