<?xml version="1.0" encoding="UTF-8"?>
<!-- Generated by org.testng.reporters.JUnitReportReporter -->
<testsuite hostname="DESKTOP-CQRH1BN" failures="0" tests="1" name="restfullbookerTestCases.PayLoads" time="0.862" errors="0" timestamp="2024-06-17T21:35:13 IST" skipped="0">
  <testcase classname="restfullbookerTestCases.PayLoads" name="getBookingIDRequestPayload" time="0.862"/>
  <system-out/>
</testsuite> <!-- restfullbookerTestCases.PayLoads -->
