<?xml version="1.0" encoding="UTF-8"?>
<!-- Generated by org.testng.reporters.JUnitReportReporter -->
<testsuite hostname="DESKTOP-CQRH1BN" failures="0" tests="1" name="restfullbookerTestCases.PatchBookingDetails" time="8.259" errors="0" timestamp="2024-06-18T20:45:19 IST" skipped="0">
  <testcase classname="restfullbookerTestCases.PatchBookingDetails" name="testPatch" time="8.259"/>
  <system-out/>
</testsuite> <!-- restfullbookerTestCases.PatchBookingDetails -->
